0 info it worked if it ends with ok
1 verbose cli [ '/Users/jagatsah/.nvm/versions/node/v7.2.0/bin/node',
1 verbose cli   '/Users/jagatsah/.nvm/versions/node/v7.2.0/bin/npm',
1 verbose cli   'run',
1 verbose cli   'start' ]
2 info using npm@3.10.9
3 info using node@v7.2.0
4 verbose run-script [ 'prestart', 'start', 'poststart' ]
5 info lifecycle cateringService@1.0.0~prestart: cateringService@1.0.0
6 silly lifecycle cateringService@1.0.0~prestart: no script for prestart, continuing
7 info lifecycle cateringService@1.0.0~start: cateringService@1.0.0
8 verbose lifecycle cateringService@1.0.0~start: unsafe-perm in lifecycle true
9 verbose lifecycle cateringService@1.0.0~start: PATH: /Users/jagatsah/.nvm/versions/node/v7.2.0/lib/node_modules/npm/bin/node-gyp-bin:/Users/jagatsah/spikes/cateringService/node_modules/.bin:/Users/jagatsah/.rvm/gems/ruby-2.3.0/bin:/Users/jagatsah/.rvm/gems/ruby-2.3.0@global/bin:/Users/jagatsah/.rvm/rubies/ruby-2.3.0/bin:/usr/local/opt/go@1.9/bin:/Users/jagatsah/.yarn/bin:/Users/jagatsah/.nvm/versions/node/v7.2.0/bin:/Library/Frameworks/Python.framework/Versions/3.6/bin:/usr/local/bin:/usr/bin:/bin:/usr/sbin:/sbin:/usr/local/go/bin:/Users/jagatsah/.rvm/bin:/Users/jagatsah/Projects/mckinsey/bin:~/Projects/price//bin:/Applications/Postgres.app/Contents/Versions/latest/bin/:/Users/jagatsah/Library/Android/sdk/tools:/Users/jagatsah/Library/Android/sdk/platform-tools
10 verbose lifecycle cateringService@1.0.0~start: CWD: /Users/jagatsah/spikes/cateringService
11 silly lifecycle cateringService@1.0.0~start: Args: [ '-c',
11 silly lifecycle   'webpack --mode development --config webpack.config.js' ]
12 silly lifecycle cateringService@1.0.0~start: Returned: code: 2  signal: null
13 info lifecycle cateringService@1.0.0~start: Failed to exec start script
14 verbose stack Error: cateringService@1.0.0 start: `webpack --mode development --config webpack.config.js`
14 verbose stack Exit status 2
14 verbose stack     at EventEmitter.<anonymous> (/Users/jagatsah/.nvm/versions/node/v7.2.0/lib/node_modules/npm/lib/utils/lifecycle.js:255:16)
14 verbose stack     at emitTwo (events.js:106:13)
14 verbose stack     at EventEmitter.emit (events.js:191:7)
14 verbose stack     at ChildProcess.<anonymous> (/Users/jagatsah/.nvm/versions/node/v7.2.0/lib/node_modules/npm/lib/utils/spawn.js:40:14)
14 verbose stack     at emitTwo (events.js:106:13)
14 verbose stack     at ChildProcess.emit (events.js:191:7)
14 verbose stack     at maybeClose (internal/child_process.js:885:16)
14 verbose stack     at Process.ChildProcess._handle.onexit (internal/child_process.js:226:5)
15 verbose pkgid cateringService@1.0.0
16 verbose cwd /Users/jagatsah/spikes/cateringService
17 error Darwin 17.4.0
18 error argv "/Users/jagatsah/.nvm/versions/node/v7.2.0/bin/node" "/Users/jagatsah/.nvm/versions/node/v7.2.0/bin/npm" "run" "start"
19 error node v7.2.0
20 error npm  v3.10.9
21 error code ELIFECYCLE
22 error cateringService@1.0.0 start: `webpack --mode development --config webpack.config.js`
22 error Exit status 2
23 error Failed at the cateringService@1.0.0 start script 'webpack --mode development --config webpack.config.js'.
23 error Make sure you have the latest version of node.js and npm installed.
23 error If you do, this is most likely a problem with the cateringService package,
23 error not with npm itself.
23 error Tell the author that this fails on your system:
23 error     webpack --mode development --config webpack.config.js
23 error You can get information on how to open an issue for this project with:
23 error     npm bugs cateringService
23 error Or if that isn't available, you can get their info via:
23 error     npm owner ls cateringService
23 error There is likely additional logging output above.
24 verbose exit [ 1, true ]
